<?xml version="1.0" encoding="UTF-8"?>
<testsuite name="TestLeapYearFunction" tests="4" skipped="0" failures="0" errors="0" timestamp="2022-10-10T15:07:03" hostname="LAPTOP-JQGMFE51" time="0.027">
  <properties/>
  <testcase name="testYearNotDividesBy100()" classname="TestLeapYearFunction" time="0.023"/>
  <testcase name="testYearDividesBy4()" classname="TestLeapYearFunction" time="0.0"/>
  <testcase name="testYearNotDividesBy4000()" classname="TestLeapYearFunction" time="0.001"/>
  <testcase name="testYearDividesBy400()" classname="TestLeapYearFunction" time="0.0"/>
  <system-out><![CDATA[]]></system-out>
  <system-err><![CDATA[]]></system-err>
</testsuite>
